0 info it worked if it ends with ok
1 verbose cli [ '/usr/libexec/openshift/cartridges/c9-0.1/root/bin/node-openshift-v10',
1 verbose cli   '/usr/libexec/openshift/cartridges/c9-0.1/root/lib/node_modules/npm/bin/npm-cli.js',
1 verbose cli   'publish' ]
2 info using npm@1.3.8
3 info using node@v0.10.22
4 verbose publish [ '.' ]
5 verbose cache add [ '.', null ]
6 verbose cache add name=undefined spec="." args=[".",null]
7 verbose parsed url { protocol: null,
7 verbose parsed url   slashes: null,
7 verbose parsed url   auth: null,
7 verbose parsed url   host: null,
7 verbose parsed url   port: null,
7 verbose parsed url   hostname: null,
7 verbose parsed url   hash: null,
7 verbose parsed url   search: null,
7 verbose parsed url   query: null,
7 verbose parsed url   pathname: '.',
7 verbose parsed url   path: '.',
7 verbose parsed url   href: '.' }
8 silly lockFile 3a52ce78- .
9 verbose lock . /var/lib/openshift/529cbf17e0b8cd3e660000f1/app-root/data/.npm/3a52ce78-.lock
10 verbose tar pack [ '/tmp/npm-150638-RhkOysA8/1386614440374-0.7671933805104345/tmp.tgz',
10 verbose tar pack   '.' ]
11 verbose tarball /tmp/npm-150638-RhkOysA8/1386614440374-0.7671933805104345/tmp.tgz
12 verbose folder .
13 silly lockFile 1f1177db-tar tar://.
14 verbose lock tar://. /var/lib/openshift/529cbf17e0b8cd3e660000f1/app-root/data/.npm/1f1177db-tar.lock
15 silly lockFile e3102e66-40374-0-7671933805104345-tmp-tgz tar:///tmp/npm-150638-RhkOysA8/1386614440374-0.7671933805104345/tmp.tgz
16 verbose lock tar:///tmp/npm-150638-RhkOysA8/1386614440374-0.7671933805104345/tmp.tgz /var/lib/openshift/529cbf17e0b8cd3e660000f1/app-root/data/.npm/e3102e66-40374-0-7671933805104345-tmp-tgz.lock
17 silly lockFile 1f1177db-tar tar://.
18 silly lockFile 1f1177db-tar tar://.
19 silly lockFile e3102e66-40374-0-7671933805104345-tmp-tgz tar:///tmp/npm-150638-RhkOysA8/1386614440374-0.7671933805104345/tmp.tgz
20 silly lockFile e3102e66-40374-0-7671933805104345-tmp-tgz tar:///tmp/npm-150638-RhkOysA8/1386614440374-0.7671933805104345/tmp.tgz
21 verbose tar unpack /tmp/npm-150638-RhkOysA8/1386614440374-0.7671933805104345/tmp.tgz
22 silly lockFile c5221744-40374-0-7671933805104345-package tar:///tmp/npm-150638-RhkOysA8/1386614440374-0.7671933805104345/package
23 verbose lock tar:///tmp/npm-150638-RhkOysA8/1386614440374-0.7671933805104345/package /var/lib/openshift/529cbf17e0b8cd3e660000f1/app-root/data/.npm/c5221744-40374-0-7671933805104345-package.lock
24 silly lockFile e3102e66-40374-0-7671933805104345-tmp-tgz tar:///tmp/npm-150638-RhkOysA8/1386614440374-0.7671933805104345/tmp.tgz
25 verbose lock tar:///tmp/npm-150638-RhkOysA8/1386614440374-0.7671933805104345/tmp.tgz /var/lib/openshift/529cbf17e0b8cd3e660000f1/app-root/data/.npm/e3102e66-40374-0-7671933805104345-tmp-tgz.lock
26 silly gunzTarPerm modes [ '755', '644' ]
27 silly gunzTarPerm extractEntry package.json
28 silly gunzTarPerm modified mode [ 'package.json', 416, 420 ]
29 silly gunzTarPerm extractEntry .npmignore
30 silly gunzTarPerm modified mode [ '.npmignore', 416, 420 ]
31 silly gunzTarPerm extractEntry test.js
32 silly gunzTarPerm extractEntry web.js
33 silly gunzTarPerm modified mode [ 'web.js', 416, 420 ]
34 silly gunzTarPerm extractEntry Procfile
35 silly gunzTarPerm modified mode [ 'Procfile', 416, 420 ]
36 silly gunzTarPerm extractEntry assets/images/sadtaco2.svg
37 silly gunzTarPerm modified mode [ 'assets/images/sadtaco2.svg', 416, 420 ]
38 silly gunzTarPerm extractEntry assets/images/speechBubble.svg
39 silly gunzTarPerm modified mode [ 'assets/images/speechBubble.svg', 416, 420 ]
40 silly gunzTarPerm extractEntry assets/scripts/common.js
41 silly gunzTarPerm modified mode [ 'assets/scripts/common.js', 416, 420 ]
42 silly gunzTarPerm extractEntry assets/scripts/d3-min.js
43 silly gunzTarPerm modified mode [ 'assets/scripts/d3-min.js', 416, 420 ]
44 silly gunzTarPerm extractEntry assets/scripts/ox-min.js
45 silly gunzTarPerm modified mode [ 'assets/scripts/ox-min.js', 416, 420 ]
46 silly gunzTarPerm extractEntry assets/scripts/oxide.js
47 silly gunzTarPerm modified mode [ 'assets/scripts/oxide.js', 416, 420 ]
48 silly gunzTarPerm extractEntry assets/styles/common.css
49 silly gunzTarPerm modified mode [ 'assets/styles/common.css', 416, 420 ]
50 silly gunzTarPerm extractEntry elements.json
51 silly gunzTarPerm modified mode [ 'elements.json', 416, 420 ]
52 silly gunzTarPerm extractEntry index.html
53 silly gunzTarPerm modified mode [ 'index.html', 416, 420 ]
54 silly lockFile c5221744-40374-0-7671933805104345-package tar:///tmp/npm-150638-RhkOysA8/1386614440374-0.7671933805104345/package
55 silly lockFile c5221744-40374-0-7671933805104345-package tar:///tmp/npm-150638-RhkOysA8/1386614440374-0.7671933805104345/package
56 silly lockFile e3102e66-40374-0-7671933805104345-tmp-tgz tar:///tmp/npm-150638-RhkOysA8/1386614440374-0.7671933805104345/tmp.tgz
57 silly lockFile e3102e66-40374-0-7671933805104345-tmp-tgz tar:///tmp/npm-150638-RhkOysA8/1386614440374-0.7671933805104345/tmp.tgz
58 verbose tar pack [ '/var/lib/openshift/529cbf17e0b8cd3e660000f1/app-root/data/.npm/my-app/0.0.1/package.tgz',
58 verbose tar pack   '/tmp/npm-150638-RhkOysA8/1386614440374-0.7671933805104345/package' ]
59 verbose tarball /var/lib/openshift/529cbf17e0b8cd3e660000f1/app-root/data/.npm/my-app/0.0.1/package.tgz
60 verbose folder /tmp/npm-150638-RhkOysA8/1386614440374-0.7671933805104345/package
61 silly lockFile c5221744-40374-0-7671933805104345-package tar:///tmp/npm-150638-RhkOysA8/1386614440374-0.7671933805104345/package
62 verbose lock tar:///tmp/npm-150638-RhkOysA8/1386614440374-0.7671933805104345/package /var/lib/openshift/529cbf17e0b8cd3e660000f1/app-root/data/.npm/c5221744-40374-0-7671933805104345-package.lock
63 silly lockFile 4959bdc6-ata-npm-my-app-0-0-1-package-tgz tar:///var/lib/openshift/529cbf17e0b8cd3e660000f1/app-root/data/.npm/my-app/0.0.1/package.tgz
64 verbose lock tar:///var/lib/openshift/529cbf17e0b8cd3e660000f1/app-root/data/.npm/my-app/0.0.1/package.tgz /var/lib/openshift/529cbf17e0b8cd3e660000f1/app-root/data/.npm/4959bdc6-ata-npm-my-app-0-0-1-package-tgz.lock
65 silly lockFile c5221744-40374-0-7671933805104345-package tar:///tmp/npm-150638-RhkOysA8/1386614440374-0.7671933805104345/package
66 silly lockFile c5221744-40374-0-7671933805104345-package tar:///tmp/npm-150638-RhkOysA8/1386614440374-0.7671933805104345/package
67 silly lockFile 4959bdc6-ata-npm-my-app-0-0-1-package-tgz tar:///var/lib/openshift/529cbf17e0b8cd3e660000f1/app-root/data/.npm/my-app/0.0.1/package.tgz
68 silly lockFile 4959bdc6-ata-npm-my-app-0-0-1-package-tgz tar:///var/lib/openshift/529cbf17e0b8cd3e660000f1/app-root/data/.npm/my-app/0.0.1/package.tgz
69 silly lockFile 51df4b3f-ot-data-npm-my-app-0-0-1-package /var/lib/openshift/529cbf17e0b8cd3e660000f1/app-root/data/.npm/my-app/0.0.1/package
70 verbose lock /var/lib/openshift/529cbf17e0b8cd3e660000f1/app-root/data/.npm/my-app/0.0.1/package /var/lib/openshift/529cbf17e0b8cd3e660000f1/app-root/data/.npm/51df4b3f-ot-data-npm-my-app-0-0-1-package.lock
71 silly lockFile 51df4b3f-ot-data-npm-my-app-0-0-1-package /var/lib/openshift/529cbf17e0b8cd3e660000f1/app-root/data/.npm/my-app/0.0.1/package
72 silly lockFile 51df4b3f-ot-data-npm-my-app-0-0-1-package /var/lib/openshift/529cbf17e0b8cd3e660000f1/app-root/data/.npm/my-app/0.0.1/package
73 verbose tar unpack /var/lib/openshift/529cbf17e0b8cd3e660000f1/app-root/data/.npm/my-app/0.0.1/package.tgz
74 silly lockFile 5dfc4c20-ot-data-npm-my-app-0-0-1-package tar:///var/lib/openshift/529cbf17e0b8cd3e660000f1/app-root/data/.npm/my-app/0.0.1/package
75 verbose lock tar:///var/lib/openshift/529cbf17e0b8cd3e660000f1/app-root/data/.npm/my-app/0.0.1/package /var/lib/openshift/529cbf17e0b8cd3e660000f1/app-root/data/.npm/5dfc4c20-ot-data-npm-my-app-0-0-1-package.lock
76 silly lockFile 4959bdc6-ata-npm-my-app-0-0-1-package-tgz tar:///var/lib/openshift/529cbf17e0b8cd3e660000f1/app-root/data/.npm/my-app/0.0.1/package.tgz
77 verbose lock tar:///var/lib/openshift/529cbf17e0b8cd3e660000f1/app-root/data/.npm/my-app/0.0.1/package.tgz /var/lib/openshift/529cbf17e0b8cd3e660000f1/app-root/data/.npm/4959bdc6-ata-npm-my-app-0-0-1-package-tgz.lock
78 silly gunzTarPerm modes [ '755', '644' ]
79 silly gunzTarPerm extractEntry package.json
80 silly gunzTarPerm extractEntry .npmignore
81 silly gunzTarPerm extractEntry test.js
82 silly gunzTarPerm extractEntry web.js
83 silly gunzTarPerm extractEntry Procfile
84 silly gunzTarPerm extractEntry assets/images/sadtaco2.svg
85 silly gunzTarPerm extractEntry assets/images/speechBubble.svg
86 silly gunzTarPerm extractEntry assets/scripts/common.js
87 silly gunzTarPerm extractEntry assets/scripts/d3-min.js
88 silly gunzTarPerm extractEntry assets/scripts/ox-min.js
89 silly gunzTarPerm extractEntry assets/scripts/oxide.js
90 silly gunzTarPerm extractEntry assets/styles/common.css
91 silly gunzTarPerm extractEntry elements.json
92 silly gunzTarPerm extractEntry index.html
93 silly lockFile 5dfc4c20-ot-data-npm-my-app-0-0-1-package tar:///var/lib/openshift/529cbf17e0b8cd3e660000f1/app-root/data/.npm/my-app/0.0.1/package
94 silly lockFile 5dfc4c20-ot-data-npm-my-app-0-0-1-package tar:///var/lib/openshift/529cbf17e0b8cd3e660000f1/app-root/data/.npm/my-app/0.0.1/package
95 silly lockFile 4959bdc6-ata-npm-my-app-0-0-1-package-tgz tar:///var/lib/openshift/529cbf17e0b8cd3e660000f1/app-root/data/.npm/my-app/0.0.1/package.tgz
96 silly lockFile 4959bdc6-ata-npm-my-app-0-0-1-package-tgz tar:///var/lib/openshift/529cbf17e0b8cd3e660000f1/app-root/data/.npm/my-app/0.0.1/package.tgz
97 verbose chmod /var/lib/openshift/529cbf17e0b8cd3e660000f1/app-root/data/.npm/my-app/0.0.1/package.tgz 644
98 verbose chown /var/lib/openshift/529cbf17e0b8cd3e660000f1/app-root/data/.npm/my-app/0.0.1/package.tgz [ 6578, 6578 ]
99 silly lockFile 3a52ce78- .
100 silly lockFile 3a52ce78- .
101 silly publish { name: 'my-app',
101 silly publish   version: '0.0.1',
101 silly publish   dependencies: { mime: '1.2.9', hostwithnode: '0.1.4', smash: '~0.0.8' },
101 silly publish   engines: { node: '0.6.x', npm: '1.2.x' },
101 silly publish   readme: 'ERROR: No README data found!',
101 silly publish   _id: 'my-app@0.0.1',
101 silly publish   dist: { shasum: 'b93e18adf63c08b092efb99f96bcc93fe6926700' },
101 silly publish   _from: '.' }
102 verbose url raw my-app
103 verbose url resolving [ 'https://registry.npmjs.org/', './my-app' ]
104 verbose url resolved https://registry.npmjs.org/my-app
105 info trying registry request attempt 1 at 13:40:51
106 http PUT https://registry.npmjs.org/my-app
107 http 409 https://registry.npmjs.org/my-app
108 verbose url raw my-app
109 verbose url resolving [ 'https://registry.npmjs.org/', './my-app' ]
110 verbose url resolved https://registry.npmjs.org/my-app
111 info trying registry request attempt 1 at 13:40:52
112 http GET https://registry.npmjs.org/my-app
113 http 200 https://registry.npmjs.org/my-app
114 verbose uploading [ 'my-app/-/my-app-0.0.1.tgz/-rev/3-20544c3c4f3bcea38631e0d952a6b304',
114 verbose uploading   '/var/lib/openshift/529cbf17e0b8cd3e660000f1/app-root/data/.npm/my-app/0.0.1/package.tgz' ]
115 verbose url raw my-app/-/my-app-0.0.1.tgz/-rev/3-20544c3c4f3bcea38631e0d952a6b304
116 verbose url resolving [ 'https://registry.npmjs.org/',
116 verbose url resolving   './my-app/-/my-app-0.0.1.tgz/-rev/3-20544c3c4f3bcea38631e0d952a6b304' ]
117 verbose url resolved https://registry.npmjs.org/my-app/-/my-app-0.0.1.tgz/-rev/3-20544c3c4f3bcea38631e0d952a6b304
118 info trying registry request attempt 1 at 13:40:53
119 http PUT https://registry.npmjs.org/my-app/-/my-app-0.0.1.tgz/-rev/3-20544c3c4f3bcea38631e0d952a6b304
120 http 403 https://registry.npmjs.org/my-app/-/my-app-0.0.1.tgz/-rev/3-20544c3c4f3bcea38631e0d952a6b304
121 info trying registry request attempt 1 at 13:40:54
122 http PUT https://registry.npmjs.org/my-app/-/my-app-0.0.1.tgz/-rev/3-20544c3c4f3bcea38631e0d952a6b304
123 http 403 https://registry.npmjs.org/my-app/-/my-app-0.0.1.tgz/-rev/3-20544c3c4f3bcea38631e0d952a6b304
124 error publish Error uploading package
125 error Error: forbidden user: hansineffect not authorized to modify my-app
125 error Added: _attachments.my-app-0.0.1.tgz: my-app/-/my-app-0.0.1.tgz/-rev/3-20544c3c4f3bcea38631e0d952a6b304
125 error     at RegClient.<anonymous> (/usr/libexec/openshift/cartridges/c9-0.1/root/lib/node_modules/npm/node_modules/npm-registry-client/lib/request.js:272:14)
125 error     at Request.self.callback (/usr/libexec/openshift/cartridges/c9-0.1/root/lib/node_modules/npm/node_modules/request/index.js:148:22)
125 error     at Request.EventEmitter.emit (events.js:98:17)
125 error     at Request.<anonymous> (/usr/libexec/openshift/cartridges/c9-0.1/root/lib/node_modules/npm/node_modules/request/index.js:891:14)
125 error     at Request.EventEmitter.emit (events.js:117:20)
125 error     at IncomingMessage.<anonymous> (/usr/libexec/openshift/cartridges/c9-0.1/root/lib/node_modules/npm/node_modules/request/index.js:842:12)
125 error     at IncomingMessage.EventEmitter.emit (events.js:117:20)
125 error     at _stream_readable.js:920:16
125 error     at process._tickCallback (node.js:415:13)
126 error If you need help, you may report this log at:
126 error     <http://github.com/isaacs/npm/issues>
126 error or email it to:
126 error     <npm-@googlegroups.com>
127 error System Linux 2.6.32-431.el6oso.bz844450.x86_64
128 error command "/usr/libexec/openshift/cartridges/c9-0.1/root/bin/node-openshift-v10" "/usr/libexec/openshift/cartridges/c9-0.1/root/lib/node_modules/npm/bin/npm-cli.js" "publish"
129 error cwd /var/lib/stickshift/529cbf17e0b8cd3e660000f1/app-root/data/698893
130 error node -v v0.10.22
131 error npm -v 1.3.8
132 verbose exit [ 1, true ]
